<?xml version="1.0" encoding="UTF-8"?>
<!-- Generated by org.testng.reporters.JUnitReportReporter -->
<testsuite skipped="0" hostname="DESKTOP-8E6BMJO" name="MusicLandscape.tests.MyEventDateComparatorTest" tests="7" failures="0" timestamp="05 июн 2018 11:33:06 GMT" time="0.029" errors="0">
  <testcase name="compareNullDateRight" time="0.002" classname="MusicLandscape.tests.MyEventDateComparatorTest"/>
  <testcase name="compareDate" time="0.020" classname="MusicLandscape.tests.MyEventDateComparatorTest"/>
  <testcase name="compareNullEventRight" time="0.001" classname="MusicLandscape.tests.MyEventDateComparatorTest"/>
  <testcase name="compareNullDateLeft" time="0.002" classname="MusicLandscape.tests.MyEventDateComparatorTest"/>
  <testcase name="compareDateNull" time="0.001" classname="MusicLandscape.tests.MyEventDateComparatorTest"/>
  <testcase name="compareEventNull" time="0.002" classname="MusicLandscape.tests.MyEventDateComparatorTest"/>
  <testcase name="compareNullEventLeft" time="0.001" classname="MusicLandscape.tests.MyEventDateComparatorTest"/>
</testsuite> <!-- MusicLandscape.tests.MyEventDateComparatorTest -->
