<?xml version="1.0" encoding="UTF-8"?>
<!-- Generated by org.testng.reporters.JUnitReportReporter -->
<testsuite skipped="0" hostname="DESKTOP-8E6BMJO" name="MusicLandscape.tests.DurationMatcherTest" tests="11" failures="0" timestamp="06 фев 2019 15:30:42 GMT" time="0.037" errors="0">
  <testcase name="setPattern" time="0.003" classname="MusicLandscape.tests.DurationMatcherTest"/>
  <testcase name="matches" time="0.001" classname="MusicLandscape.tests.DurationMatcherTest"/>
  <testcase name="setPattern" time="0.003" classname="MusicLandscape.tests.DurationMatcherTest"/>
  <testcase name="setPattern" time="0.006" classname="MusicLandscape.tests.DurationMatcherTest"/>
  <testcase name="getPattern" time="0.004" classname="MusicLandscape.tests.DurationMatcherTest"/>
  <testcase name="DurationMatcherString" time="0.007" classname="MusicLandscape.tests.DurationMatcherTest"/>
  <testcase name="matches" time="0.002" classname="MusicLandscape.tests.DurationMatcherTest"/>
  <testcase name="DurationMatcher" time="0.002" classname="MusicLandscape.tests.DurationMatcherTest"/>
  <testcase name="testtoString" time="0.003" classname="MusicLandscape.tests.DurationMatcherTest"/>
  <testcase name="matches" time="0.002" classname="MusicLandscape.tests.DurationMatcherTest"/>
  <testcase name="setPattern" time="0.004" classname="MusicLandscape.tests.DurationMatcherTest"/>
</testsuite> <!-- MusicLandscape.tests.DurationMatcherTest -->
