<?xml version="1.0" encoding="UTF-8"?>
<!-- Generated by org.testng.reporters.JUnitReportReporter -->
<testsuite skipped="0" hostname="DESKTOP-8E6BMJO" name="MusicLandscape.tests.TrackTest" tests="4" failures="0" timestamp="21 мая 2018 21:22:30 GMT" time="0.006" errors="0">
  <testcase name="testtoString" time="0.001" classname="MusicLandscape.tests.TrackTest"/>
  <testcase name="testtoString" time="0.002" classname="MusicLandscape.tests.TrackTest"/>
  <testcase name="testtoString" time="0.002" classname="MusicLandscape.tests.TrackTest"/>
  <testcase name="testtoString" time="0.001" classname="MusicLandscape.tests.TrackTest"/>
</testsuite> <!-- MusicLandscape.tests.TrackTest -->
