<?xml version="1.0" encoding="UTF-8"?>
<!-- Generated by org.testng.reporters.JUnitReportReporter -->
<testsuite skipped="0" hostname="DESKTOP-8E6BMJO" name="MusicLandscape.tests.TitleComparatorTest" tests="5" failures="0" timestamp="06 фев 2019 15:30:42 GMT" time="0.007" errors="0">
  <testcase name="compare" time="0.001" classname="MusicLandscape.tests.TitleComparatorTest"/>
  <testcase name="compare" time="0.001" classname="MusicLandscape.tests.TitleComparatorTest"/>
  <testcase name="compare" time="0.001" classname="MusicLandscape.tests.TitleComparatorTest"/>
  <testcase name="checkType" time="0.003" classname="MusicLandscape.tests.TitleComparatorTest"/>
  <testcase name="testtoString" time="0.001" classname="MusicLandscape.tests.TitleComparatorTest"/>
</testsuite> <!-- MusicLandscape.tests.TitleComparatorTest -->
