<?xml version="1.0" encoding="UTF-8"?>
<!-- Generated by org.testng.reporters.JUnitReportReporter -->
<testsuite skipped="0" hostname="DESKTOP-8E6BMJO" name="MusicLandscape.tests.MyEventAttendeesComparatorTest" tests="6" failures="0" timestamp="05 июн 2018 11:33:05 GMT" time="0.010" errors="0">
  <testcase name="compareNullRight" time="0.001" classname="MusicLandscape.tests.MyEventAttendeesComparatorTest"/>
  <testcase name="compareNull" time="0.001" classname="MusicLandscape.tests.MyEventAttendeesComparatorTest"/>
  <testcase name="compare" time="0.002" classname="MusicLandscape.tests.MyEventAttendeesComparatorTest"/>
  <testcase name="compare" time="0.004" classname="MusicLandscape.tests.MyEventAttendeesComparatorTest"/>
  <testcase name="compareNullLeft" time="0.001" classname="MusicLandscape.tests.MyEventAttendeesComparatorTest"/>
  <testcase name="compare" time="0.001" classname="MusicLandscape.tests.MyEventAttendeesComparatorTest"/>
</testsuite> <!-- MusicLandscape.tests.MyEventAttendeesComparatorTest -->
