<?xml version="1.0" encoding="UTF-8"?>
<!-- Generated by org.testng.reporters.JUnitReportReporter -->
<testsuite skipped="0" hostname="DESKTOP-8E6BMJO" name="MusicLandscape.tests.WriterComparatorTest" tests="5" failures="0" timestamp="06 фев 2019 15:30:42 GMT" time="0.005" errors="0">
  <testcase name="compare" time="0.001" classname="MusicLandscape.tests.WriterComparatorTest"/>
  <testcase name="compare" time="0.001" classname="MusicLandscape.tests.WriterComparatorTest"/>
  <testcase name="checkType" time="0.002" classname="MusicLandscape.tests.WriterComparatorTest"/>
  <testcase name="compare" time="0.001" classname="MusicLandscape.tests.WriterComparatorTest"/>
  <testcase name="testtoString" time="0.000" classname="MusicLandscape.tests.WriterComparatorTest"/>
</testsuite> <!-- MusicLandscape.tests.WriterComparatorTest -->
