<?xml version="1.0" encoding="UTF-8"?>
<!-- Generated by org.testng.reporters.JUnitReportReporter -->
<testsuite skipped="0" hostname="DESKTOP-8E6BMJO" name="MusicLandscape.tests.ConsoleScanableTest" tests="5" failures="0" timestamp="05 июн 2018 11:33:05 GMT" time="0.017" errors="0">
  <testcase name="testScan" time="0.004" classname="MusicLandscape.tests.ConsoleScanableTest"/>
  <testcase name="testScan" time="0.001" classname="MusicLandscape.tests.ConsoleScanableTest"/>
  <testcase name="interfaceInTrack" time="0.001" classname="MusicLandscape.tests.ConsoleScanableTest"/>
  <testcase name="testScan" time="0.006" classname="MusicLandscape.tests.ConsoleScanableTest"/>
  <testcase name="testScan" time="0.005" classname="MusicLandscape.tests.ConsoleScanableTest"/>
</testsuite> <!-- MusicLandscape.tests.ConsoleScanableTest -->
