<?xml version="1.0" encoding="UTF-8"?>
<!-- Generated by org.testng.reporters.JUnitReportReporter -->
<testsuite skipped="0" hostname="DESKTOP-8E6BMJO" name="MusicLandscape.tests.MyEventComparatorTest" tests="1" failures="0" timestamp="05 июн 2018 11:33:06 GMT" time="0.001" errors="0">
  <testcase name="compare" time="0.001" classname="MusicLandscape.tests.MyEventComparatorTest"/>
</testsuite> <!-- MusicLandscape.tests.MyEventComparatorTest -->
