<?xml version="1.0" encoding="UTF-8"?>
<!-- Generated by org.testng.reporters.JUnitReportReporter -->
<testsuite skipped="0" hostname="DESKTOP-8E6BMJO" name="MusicLandscape.tests.MyTrackContainerTest" tests="13" failures="0" timestamp="06 фев 2019 15:30:42 GMT" time="0.028" errors="0">
  <testcase name="filter" time="0.002" classname="MusicLandscape.tests.MyTrackContainerTest"/>
  <testcase name="remove" time="0.001" classname="MusicLandscape.tests.MyTrackContainerTest"/>
  <testcase name="reset" time="0.001" classname="MusicLandscape.tests.MyTrackContainerTest"/>
  <testcase name="selectionInit" time="0.001" classname="MusicLandscape.tests.MyTrackContainerTest"/>
  <testcase name="size" time="0.000" classname="MusicLandscape.tests.MyTrackContainerTest"/>
  <testcase name="addAll" time="0.003" classname="MusicLandscape.tests.MyTrackContainerTest"/>
  <testcase name="removeAll" time="0.002" classname="MusicLandscape.tests.MyTrackContainerTest"/>
  <testcase name="add" time="0.003" classname="MusicLandscape.tests.MyTrackContainerTest"/>
  <testcase name="MyTrackContainer" time="0.001" classname="MusicLandscape.tests.MyTrackContainerTest"/>
  <testcase name="sort" time="0.007" classname="MusicLandscape.tests.MyTrackContainerTest"/>
  <testcase name="selection" time="0.001" classname="MusicLandscape.tests.MyTrackContainerTest"/>
  <testcase name="MyTrackContainerIterableTrack" time="0.002" classname="MusicLandscape.tests.MyTrackContainerTest"/>
  <testcase name="MyTrackContainerTrack" time="0.004" classname="MusicLandscape.tests.MyTrackContainerTest"/>
</testsuite> <!-- MusicLandscape.tests.MyTrackContainerTest -->
