<?xml version="1.0" encoding="UTF-8"?>
<!-- Generated by org.testng.reporters.JUnitReportReporter -->
<testsuite skipped="0" hostname="DESKTOP-8E6BMJO" name="MusicLandscape.tests.ReleaseTest" tests="16" failures="2" timestamp="05 июн 2018 11:33:06 GMT" time="0.024" errors="0">
  <testcase name="setArtistNull" time="0.001" classname="MusicLandscape.tests.ReleaseTest"/>
  <testcase name="getTitle" time="0.001" classname="MusicLandscape.tests.ReleaseTest"/>
  <testcase name="setYear" time="0.002" classname="MusicLandscape.tests.ReleaseTest"/>
  <testcase name="setTitleAny" time="0.000" classname="MusicLandscape.tests.ReleaseTest"/>
  <testcase name="setTitleNull" time="0.001" classname="MusicLandscape.tests.ReleaseTest"/>
  <testcase name="ReleaseRelease" time="0.001" classname="MusicLandscape.tests.ReleaseTest"/>
  <testcase name="ReleaseStringArtistint" time="0.001" classname="MusicLandscape.tests.ReleaseTest">
    <failure type="java.lang.AssertionError" message="Artist should be copied by reference
 expected [Artist [name=my Artist]] but found [Artist [name=my Artist]]">
      <![CDATA[java.lang.AssertionError: Artist should be copied by reference
 expected [Artist [name=my Artist]] but found [Artist [name=my Artist]]
at org.testng.Assert.fail(Assert.java:96)
at org.testng.Assert.failNotEquals(Assert.java:776)
at org.testng.Assert.assertEqualsImpl(Assert.java:137)
at org.testng.Assert.assertEquals(Assert.java:118)
at MusicLandscape.tests.ReleaseTest.ReleaseStringArtistint(ReleaseTest.java:161)
at sun.reflect.NativeMethodAccessorImpl.invoke0(Native Method)
at sun.reflect.NativeMethodAccessorImpl.invoke(Unknown Source)
at sun.reflect.DelegatingMethodAccessorImpl.invoke(Unknown Source)
at java.lang.reflect.Method.invoke(Unknown Source)
at org.testng.internal.MethodInvocationHelper.invokeMethod(MethodInvocationHelper.java:124)
at org.testng.internal.Invoker.invokeMethod(Invoker.java:580)
at org.testng.internal.Invoker.invokeTestMethod(Invoker.java:716)
at org.testng.internal.Invoker.invokeTestMethods(Invoker.java:988)
at org.testng.internal.TestMethodWorker.invokeTestMethods(TestMethodWorker.java:125)
at org.testng.internal.TestMethodWorker.run(TestMethodWorker.java:109)
at org.testng.TestRunner.privateRun(TestRunner.java:648)
at org.testng.TestRunner.run(TestRunner.java:505)
at org.testng.SuiteRunner.runTest(SuiteRunner.java:455)
at org.testng.SuiteRunner.runSequentially(SuiteRunner.java:450)
at org.testng.SuiteRunner.privateRun(SuiteRunner.java:415)
at org.testng.SuiteRunner.run(SuiteRunner.java:364)
at org.testng.SuiteRunnerWorker.runSuite(SuiteRunnerWorker.java:52)
at org.testng.SuiteRunnerWorker.run(SuiteRunnerWorker.java:84)
at org.testng.TestNG.runSuitesSequentially(TestNG.java:1208)
at org.testng.TestNG.runSuitesLocally(TestNG.java:1137)
at org.testng.TestNG.runSuites(TestNG.java:1049)
at org.testng.TestNG.run(TestNG.java:1017)
at org.testng.remote.AbstractRemoteTestNG.run(AbstractRemoteTestNG.java:114)
at org.testng.remote.RemoteTestNG.initAndRun(RemoteTestNG.java:251)
at org.testng.remote.RemoteTestNG.main(RemoteTestNG.java:77)
]]>
    </failure>
  </testcase> <!-- ReleaseStringArtistint -->
  <testcase name="setYear" time="0.001" classname="MusicLandscape.tests.ReleaseTest"/>
  <testcase name="testtoStringDefault" time="0.003" classname="MusicLandscape.tests.ReleaseTest"/>
  <testcase name="testtoStringNull" time="0.002" classname="MusicLandscape.tests.ReleaseTest">
    <failure type="java.lang.AssertionError" message="expected [unknown-unknown-unknown-0] but found [-unknown-unknown-0]">
      <![CDATA[java.lang.AssertionError: expected [unknown-unknown-unknown-0] but found [-unknown-unknown-0]
at org.testng.Assert.fail(Assert.java:96)
at org.testng.Assert.failNotEquals(Assert.java:776)
at org.testng.Assert.assertEqualsImpl(Assert.java:137)
at org.testng.Assert.assertEquals(Assert.java:118)
at org.testng.Assert.assertEquals(Assert.java:453)
at org.testng.Assert.assertEquals(Assert.java:463)
at MusicLandscape.tests.ReleaseTest.testtoStringNull(ReleaseTest.java:293)
at sun.reflect.NativeMethodAccessorImpl.invoke0(Native Method)
at sun.reflect.NativeMethodAccessorImpl.invoke(Unknown Source)
at sun.reflect.DelegatingMethodAccessorImpl.invoke(Unknown Source)
at java.lang.reflect.Method.invoke(Unknown Source)
at org.testng.internal.MethodInvocationHelper.invokeMethod(MethodInvocationHelper.java:124)
at org.testng.internal.Invoker.invokeMethod(Invoker.java:580)
at org.testng.internal.Invoker.invokeTestMethod(Invoker.java:716)
at org.testng.internal.Invoker.invokeTestMethods(Invoker.java:988)
at org.testng.internal.TestMethodWorker.invokeTestMethods(TestMethodWorker.java:125)
at org.testng.internal.TestMethodWorker.run(TestMethodWorker.java:109)
at org.testng.TestRunner.privateRun(TestRunner.java:648)
at org.testng.TestRunner.run(TestRunner.java:505)
at org.testng.SuiteRunner.runTest(SuiteRunner.java:455)
at org.testng.SuiteRunner.runSequentially(SuiteRunner.java:450)
at org.testng.SuiteRunner.privateRun(SuiteRunner.java:415)
at org.testng.SuiteRunner.run(SuiteRunner.java:364)
at org.testng.SuiteRunnerWorker.runSuite(SuiteRunnerWorker.java:52)
at org.testng.SuiteRunnerWorker.run(SuiteRunnerWorker.java:84)
at org.testng.TestNG.runSuitesSequentially(TestNG.java:1208)
at org.testng.TestNG.runSuitesLocally(TestNG.java:1137)
at org.testng.TestNG.runSuites(TestNG.java:1049)
at org.testng.TestNG.run(TestNG.java:1017)
at org.testng.remote.AbstractRemoteTestNG.run(AbstractRemoteTestNG.java:114)
at org.testng.remote.RemoteTestNG.initAndRun(RemoteTestNG.java:251)
at org.testng.remote.RemoteTestNG.main(RemoteTestNG.java:77)
]]>
    </failure>
  </testcase> <!-- testtoStringNull -->
  <testcase name="totalTime" time="0.001" classname="MusicLandscape.tests.ReleaseTest"/>
  <testcase name="setArtistDefault" time="0.000" classname="MusicLandscape.tests.ReleaseTest"/>
  <testcase name="getYear" time="0.001" classname="MusicLandscape.tests.ReleaseTest"/>
  <testcase name="Release" time="0.002" classname="MusicLandscape.tests.ReleaseTest"/>
  <testcase name="getArtist" time="0.007" classname="MusicLandscape.tests.ReleaseTest"/>
  <testcase name="setYear" time="0.000" classname="MusicLandscape.tests.ReleaseTest"/>
</testsuite> <!-- MusicLandscape.tests.ReleaseTest -->
