<?xml version="1.0" encoding="UTF-8"?>
<!-- Generated by org.testng.reporters.JUnitReportReporter -->
<testsuite skipped="0" hostname="DESKTOP-8E6BMJO" name="MusicLandscape.tests.TitleMatcherTest" tests="8" failures="0" timestamp="06 фев 2019 15:30:42 GMT" time="0.021" errors="0">
  <testcase name="matches" time="0.001" classname="MusicLandscape.tests.TitleMatcherTest"/>
  <testcase name="getPattern" time="0.000" classname="MusicLandscape.tests.TitleMatcherTest"/>
  <testcase name="setPatternAny" time="0.001" classname="MusicLandscape.tests.TitleMatcherTest"/>
  <testcase name="TitleMatcher" time="0.003" classname="MusicLandscape.tests.TitleMatcherTest"/>
  <testcase name="matches" time="0.012" classname="MusicLandscape.tests.TitleMatcherTest"/>
  <testcase name="matches" time="0.002" classname="MusicLandscape.tests.TitleMatcherTest"/>
  <testcase name="setPatternNull" time="0.001" classname="MusicLandscape.tests.TitleMatcherTest"/>
  <testcase name="testtoString" time="0.001" classname="MusicLandscape.tests.TitleMatcherTest"/>
</testsuite> <!-- MusicLandscape.tests.TitleMatcherTest -->
